<?xml version="1.0" encoding="UTF-8"?>
<testng-results skipped="0" failed="0" ignored="0" total="1" passed="1">
  <reporter-output>
  </reporter-output>
  <suite name="Default suite" duration-ms="212" started-at="2020-07-17T13:14:27 IST" finished-at="2020-07-17T13:14:28 IST">
    <groups>
    </groups>
    <test name="Default test" duration-ms="212" started-at="2020-07-17T13:14:27 IST" finished-at="2020-07-17T13:14:28 IST">
      <class name="com.assertSample.demo">
        <test-method status="PASS" signature="test()[pri:0, instance:com.assertSample.demo@4e1d422d]" name="test" duration-ms="10" started-at="2020-07-17T13:14:28 IST" finished-at="2020-07-17T13:14:28 IST">
          <reporter-output>
          </reporter-output>
        </test-method> <!-- test -->
      </class> <!-- com.assertSample.demo -->
    </test> <!-- Default test -->
  </suite> <!-- Default suite -->
</testng-results>
