<?xml version="1.0" encoding="UTF-8"?>
<testng-results skipped="0" failed="0" ignored="0" total="1" passed="1">
  <reporter-output>
    <line>
      <![CDATA[Welcome]]>
    </line>
    <line>
      <![CDATA[

To India]]>
    </line>
  </reporter-output>
  <suite name="Default suite" duration-ms="65" started-at="2020-10-18T11:12:00 IST" finished-at="2020-10-18T11:12:00 IST">
    <groups>
    </groups>
    <test name="Default test" duration-ms="65" started-at="2020-10-18T11:12:00 IST" finished-at="2020-10-18T11:12:00 IST">
      <class name="com.testngexample.Sample">
        <test-method status="PASS" signature="test1()[pri:0, instance:com.testngexample.Sample@5a8e6209]" name="test1" duration-ms="7" started-at="2020-10-18T11:12:00 IST" finished-at="2020-10-18T11:12:00 IST">
          <reporter-output>
            <line>
              <![CDATA[Welcome]]>
            </line>
            <line>
              <![CDATA[

To India]]>
            </line>
          </reporter-output>
        </test-method> <!-- test1 -->
      </class> <!-- com.testngexample.Sample -->
    </test> <!-- Default test -->
  </suite> <!-- Default suite -->
</testng-results>
